<?xml version="1.0" encoding="UTF-8"?>
<testsuite name="com.sergei270791.calculador.CalculadorApplicationTests" tests="1" skipped="0" failures="0" errors="0" timestamp="2023-01-05T23:18:55" hostname="sergei1222" time="0.191">
  <properties/>
  <testcase name="contextLoads()" classname="com.sergei270791.calculador.CalculadorApplicationTests" time="0.191"/>
  <system-out><![CDATA[18:18:54.526 [Test worker] DEBUG org.springframework.test.context.BootstrapUtils - Instantiating CacheAwareContextLoaderDelegate from class [org.springframework.test.context.cache.DefaultCacheAwareContextLoaderDelegate]
18:18:54.530 [Test worker] DEBUG org.springframework.test.context.BootstrapUtils - Instantiating BootstrapContext using constructor [public org.springframework.test.context.support.DefaultBootstrapContext(java.lang.Class,org.springframework.test.context.CacheAwareContextLoaderDelegate)]
18:18:54.543 [Test worker] DEBUG org.springframework.test.context.BootstrapUtils - Instantiating TestContextBootstrapper for test class [com.sergei270791.calculador.CalculadorApplicationTests] from class [org.springframework.boot.test.context.SpringBootTestContextBootstrapper]
18:18:54.546 [Test worker] INFO org.springframework.boot.test.context.SpringBootTestContextBootstrapper - Neither @ContextConfiguration nor @ContextHierarchy found for test class [com.sergei270791.calculador.CalculadorApplicationTests], using SpringBootContextLoader
18:18:54.548 [Test worker] DEBUG org.springframework.test.context.support.AbstractContextLoader - Did not detect default resource location for test class [com.sergei270791.calculador.CalculadorApplicationTests]: class path resource [com/sergei270791/calculador/CalculadorApplicationTests-context.xml] does not exist
18:18:54.548 [Test worker] DEBUG org.springframework.test.context.support.AbstractContextLoader - Did not detect default resource location for test class [com.sergei270791.calculador.CalculadorApplicationTests]: class path resource [com/sergei270791/calculador/CalculadorApplicationTestsContext.groovy] does not exist
18:18:54.548 [Test worker] INFO org.springframework.test.context.support.AbstractContextLoader - Could not detect default resource locations for test class [com.sergei270791.calculador.CalculadorApplicationTests]: no resource found for suffixes {-context.xml, Context.groovy}.
18:18:54.548 [Test worker] INFO org.springframework.test.context.support.AnnotationConfigContextLoaderUtils - Could not detect default configuration classes for test class [com.sergei270791.calculador.CalculadorApplicationTests]: CalculadorApplicationTests does not declare any static, non-private, non-final, nested classes annotated with @Configuration.
18:18:54.562 [Test worker] DEBUG org.springframework.test.context.support.ActiveProfilesUtils - Could not find an 'annotation declaring class' for annotation type [org.springframework.test.context.ActiveProfiles] and class [com.sergei270791.calculador.CalculadorApplicationTests]
18:18:54.583 [Test worker] DEBUG org.springframework.context.annotation.ClassPathScanningCandidateComponentProvider - Identified candidate component class: file [/home/sergei/Documentos/Proyectos/calculador/calculador/build/classes/java/main/com/sergei270791/calculador/CalculadorApplication.class]
18:18:54.586 [Test worker] INFO org.springframework.boot.test.context.SpringBootTestContextBootstrapper - Found @SpringBootConfiguration com.sergei270791.calculador.CalculadorApplication for test class com.sergei270791.calculador.CalculadorApplicationTests
18:18:54.617 [Test worker] DEBUG org.springframework.boot.test.context.SpringBootTestContextBootstrapper - @TestExecutionListeners is not present for class [com.sergei270791.calculador.CalculadorApplicationTests]: using defaults.
18:18:54.617 [Test worker] INFO org.springframework.boot.test.context.SpringBootTestContextBootstrapper - Loaded default TestExecutionListener class names from location [META-INF/spring.factories]: [org.springframework.boot.test.autoconfigure.restdocs.RestDocsTestExecutionListener, org.springframework.boot.test.autoconfigure.web.client.MockRestServiceServerResetTestExecutionListener, org.springframework.boot.test.autoconfigure.web.servlet.MockMvcPrintOnlyOnFailureTestExecutionListener, org.springframework.boot.test.autoconfigure.web.servlet.WebDriverTestExecutionListener, org.springframework.boot.test.autoconfigure.webservices.client.MockWebServiceServerTestExecutionListener, org.springframework.boot.test.mock.mockito.MockitoTestExecutionListener, org.springframework.boot.test.mock.mockito.ResetMocksTestExecutionListener, org.springframework.test.context.web.ServletTestExecutionListener, org.springframework.test.context.support.DirtiesContextBeforeModesTestExecutionListener, org.springframework.test.context.event.ApplicationEventsTestExecutionListener, org.springframework.test.context.support.DependencyInjectionTestExecutionListener, org.springframework.test.context.support.DirtiesContextTestExecutionListener, org.springframework.test.context.transaction.TransactionalTestExecutionListener, org.springframework.test.context.jdbc.SqlScriptsTestExecutionListener, org.springframework.test.context.event.EventPublishingTestExecutionListener]
18:18:54.621 [Test worker] DEBUG org.springframework.boot.test.context.SpringBootTestContextBootstrapper - Skipping candidate TestExecutionListener [org.springframework.test.context.transaction.TransactionalTestExecutionListener] due to a missing dependency. Specify custom listener classes or make the default listener classes and their required dependencies available. Offending class: [org/springframework/transaction/interceptor/TransactionAttributeSource]
18:18:54.621 [Test worker] DEBUG org.springframework.boot.test.context.SpringBootTestContextBootstrapper - Skipping candidate TestExecutionListener [org.springframework.test.context.jdbc.SqlScriptsTestExecutionListener] due to a missing dependency. Specify custom listener classes or make the default listener classes and their required dependencies available. Offending class: [org/springframework/transaction/interceptor/TransactionAttribute]
18:18:54.621 [Test worker] INFO org.springframework.boot.test.context.SpringBootTestContextBootstrapper - Using TestExecutionListeners: [org.springframework.test.context.web.ServletTestExecutionListener@792bbc74, org.springframework.test.context.support.DirtiesContextBeforeModesTestExecutionListener@79145d5a, org.springframework.test.context.event.ApplicationEventsTestExecutionListener@1f2f9244, org.springframework.boot.test.mock.mockito.MockitoTestExecutionListener@4c4d27c8, org.springframework.boot.test.autoconfigure.SpringBootDependencyInjectionTestExecutionListener@6821ea29, org.springframework.test.context.support.DirtiesContextTestExecutionListener@338494fa, org.springframework.test.context.event.EventPublishingTestExecutionListener@505a9d7c, org.springframework.boot.test.autoconfigure.restdocs.RestDocsTestExecutionListener@758c83d8, org.springframework.boot.test.autoconfigure.web.client.MockRestServiceServerResetTestExecutionListener@129b4fe2, org.springframework.boot.test.autoconfigure.web.servlet.MockMvcPrintOnlyOnFailureTestExecutionListener@5af3a0f, org.springframework.boot.test.autoconfigure.web.servlet.WebDriverTestExecutionListener@19ae6bb, org.springframework.boot.test.autoconfigure.webservices.client.MockWebServiceServerTestExecutionListener@10993713, org.springframework.boot.test.mock.mockito.ResetMocksTestExecutionListener@58359ebd]
18:18:54.623 [Test worker] DEBUG org.springframework.test.context.support.AbstractDirtiesContextTestExecutionListener - Before test class: context [DefaultTestContext@7c2b6087 testClass = CalculadorApplicationTests, testInstance = [null], testMethod = [null], testException = [null], mergedContextConfiguration = [WebMergedContextConfiguration@3fffff43 testClass = CalculadorApplicationTests, locations = '{}', classes = '{class com.sergei270791.calculador.CalculadorApplication}', contextInitializerClasses = '[]', activeProfiles = '{}', propertySourceLocations = '{}', propertySourceProperties = '{org.springframework.boot.test.context.SpringBootTestContextBootstrapper=true}', contextCustomizers = set[org.springframework.boot.test.autoconfigure.actuate.metrics.MetricsExportContextCustomizerFactory$DisableMetricExportContextCustomizer@20f5281c, org.springframework.boot.test.autoconfigure.properties.PropertyMappingContextCustomizer@0, org.springframework.boot.test.autoconfigure.web.servlet.WebDriverContextCustomizerFactory$Customizer@6c2ed0cd, org.springframework.boot.test.context.filter.ExcludeFilterContextCustomizer@4241e0f4, org.springframework.boot.test.json.DuplicateJsonObjectContextCustomizerFactory$DuplicateJsonObjectContextCustomizer@44d52de2, org.springframework.boot.test.mock.mockito.MockitoContextCustomizer@0, org.springframework.boot.test.web.client.TestRestTemplateContextCustomizer@291f18, org.springframework.boot.test.context.SpringBootTestArgs@1, org.springframework.boot.test.context.SpringBootTestWebEnvironment@2de23121], resourceBasePath = 'src/main/webapp', contextLoader = 'org.springframework.boot.test.context.SpringBootContextLoader', parent = [null]], attributes = map['org.springframework.test.context.web.ServletTestExecutionListener.activateListener' -> true]], class annotated with @DirtiesContext [false] with mode [null].
18:18:54.639 [Test worker] DEBUG org.springframework.boot.ApplicationServletEnvironment - Activating profiles []
18:18:54.639 [Test worker] DEBUG org.springframework.test.context.support.TestPropertySourceUtils - Adding inlined properties to environment: {spring.jmx.enabled=false, org.springframework.boot.test.context.SpringBootTestContextBootstrapper=true}

  .   ____          _            __ _ _
 /\\ / ___'_ __ _ _(_)_ __  __ _ \ \ \ \
( ( )\___ | '_ | '_| | '_ \/ _` | \ \ \ \
 \\/  ___)| |_)| | | | | || (_| |  ) ) ) )
  '  |____| .__|_| |_|_| |_\__, | / / / /
 =========|_|==============|___/=/_/_/_/
 :: Spring Boot ::                (v2.6.1)

2023-01-05 18:18:54.730  INFO 49543 --- [    Test worker] c.s.c.CalculadorApplicationTests         : Starting CalculadorApplicationTests using Java 18.0.2-ea on sergei1222 with PID 49543 (started by sergei in /home/sergei/Documentos/Proyectos/calculador/calculador)
2023-01-05 18:18:54.730  INFO 49543 --- [    Test worker] c.s.c.CalculadorApplicationTests         : No active profile set, falling back to default profiles: default
2023-01-05 18:18:55.241  INFO 49543 --- [    Test worker] c.s.c.CalculadorApplicationTests         : Started CalculadorApplicationTests in 0.601 seconds (JVM running for 1.157)
]]></system-out>
  <system-err><![CDATA[]]></system-err>
</testsuite>
