<?xml version="1.0" encoding="UTF-8"?>
<testsuite name="com.sergei270791.calculador.CalculadorApplicationTests" tests="1" skipped="0" failures="0" errors="0" timestamp="2023-01-06T00:15:09" hostname="sergei1222" time="0.216">
  <properties/>
  <testcase name="contextLoads()" classname="com.sergei270791.calculador.CalculadorApplicationTests" time="0.216"/>
  <system-out><![CDATA[19:15:08.315 [Test worker] DEBUG org.springframework.test.context.BootstrapUtils - Instantiating CacheAwareContextLoaderDelegate from class [org.springframework.test.context.cache.DefaultCacheAwareContextLoaderDelegate]
19:15:08.326 [Test worker] DEBUG org.springframework.test.context.BootstrapUtils - Instantiating BootstrapContext using constructor [public org.springframework.test.context.support.DefaultBootstrapContext(java.lang.Class,org.springframework.test.context.CacheAwareContextLoaderDelegate)]
19:15:08.361 [Test worker] DEBUG org.springframework.test.context.BootstrapUtils - Instantiating TestContextBootstrapper for test class [com.sergei270791.calculador.CalculadorApplicationTests] from class [org.springframework.boot.test.context.SpringBootTestContextBootstrapper]
19:15:08.370 [Test worker] INFO org.springframework.boot.test.context.SpringBootTestContextBootstrapper - Neither @ContextConfiguration nor @ContextHierarchy found for test class [com.sergei270791.calculador.CalculadorApplicationTests], using SpringBootContextLoader
19:15:08.374 [Test worker] DEBUG org.springframework.test.context.support.AbstractContextLoader - Did not detect default resource location for test class [com.sergei270791.calculador.CalculadorApplicationTests]: class path resource [com/sergei270791/calculador/CalculadorApplicationTests-context.xml] does not exist
19:15:08.374 [Test worker] DEBUG org.springframework.test.context.support.AbstractContextLoader - Did not detect default resource location for test class [com.sergei270791.calculador.CalculadorApplicationTests]: class path resource [com/sergei270791/calculador/CalculadorApplicationTestsContext.groovy] does not exist
19:15:08.374 [Test worker] INFO org.springframework.test.context.support.AbstractContextLoader - Could not detect default resource locations for test class [com.sergei270791.calculador.CalculadorApplicationTests]: no resource found for suffixes {-context.xml, Context.groovy}.
19:15:08.374 [Test worker] INFO org.springframework.test.context.support.AnnotationConfigContextLoaderUtils - Could not detect default configuration classes for test class [com.sergei270791.calculador.CalculadorApplicationTests]: CalculadorApplicationTests does not declare any static, non-private, non-final, nested classes annotated with @Configuration.
19:15:08.405 [Test worker] DEBUG org.springframework.test.context.support.ActiveProfilesUtils - Could not find an 'annotation declaring class' for annotation type [org.springframework.test.context.ActiveProfiles] and class [com.sergei270791.calculador.CalculadorApplicationTests]
19:15:08.454 [Test worker] DEBUG org.springframework.context.annotation.ClassPathScanningCandidateComponentProvider - Identified candidate component class: file [/home/sergei/Documentos/Proyectos/calculador/calculador/build/classes/java/main/com/sergei270791/calculador/CalculadorApplication.class]
19:15:08.458 [Test worker] INFO org.springframework.boot.test.context.SpringBootTestContextBootstrapper - Found @SpringBootConfiguration com.sergei270791.calculador.CalculadorApplication for test class com.sergei270791.calculador.CalculadorApplicationTests
19:15:08.557 [Test worker] DEBUG org.springframework.boot.test.context.SpringBootTestContextBootstrapper - @TestExecutionListeners is not present for class [com.sergei270791.calculador.CalculadorApplicationTests]: using defaults.
19:15:08.557 [Test worker] INFO org.springframework.boot.test.context.SpringBootTestContextBootstrapper - Loaded default TestExecutionListener class names from location [META-INF/spring.factories]: [org.springframework.boot.test.autoconfigure.restdocs.RestDocsTestExecutionListener, org.springframework.boot.test.autoconfigure.web.client.MockRestServiceServerResetTestExecutionListener, org.springframework.boot.test.autoconfigure.web.servlet.MockMvcPrintOnlyOnFailureTestExecutionListener, org.springframework.boot.test.autoconfigure.web.servlet.WebDriverTestExecutionListener, org.springframework.boot.test.autoconfigure.webservices.client.MockWebServiceServerTestExecutionListener, org.springframework.boot.test.mock.mockito.MockitoTestExecutionListener, org.springframework.boot.test.mock.mockito.ResetMocksTestExecutionListener, org.springframework.test.context.web.ServletTestExecutionListener, org.springframework.test.context.support.DirtiesContextBeforeModesTestExecutionListener, org.springframework.test.context.event.ApplicationEventsTestExecutionListener, org.springframework.test.context.support.DependencyInjectionTestExecutionListener, org.springframework.test.context.support.DirtiesContextTestExecutionListener, org.springframework.test.context.transaction.TransactionalTestExecutionListener, org.springframework.test.context.jdbc.SqlScriptsTestExecutionListener, org.springframework.test.context.event.EventPublishingTestExecutionListener]
19:15:08.566 [Test worker] DEBUG org.springframework.boot.test.context.SpringBootTestContextBootstrapper - Skipping candidate TestExecutionListener [org.springframework.test.context.transaction.TransactionalTestExecutionListener] due to a missing dependency. Specify custom listener classes or make the default listener classes and their required dependencies available. Offending class: [org/springframework/transaction/interceptor/TransactionAttributeSource]
19:15:08.566 [Test worker] DEBUG org.springframework.boot.test.context.SpringBootTestContextBootstrapper - Skipping candidate TestExecutionListener [org.springframework.test.context.jdbc.SqlScriptsTestExecutionListener] due to a missing dependency. Specify custom listener classes or make the default listener classes and their required dependencies available. Offending class: [org/springframework/transaction/interceptor/TransactionAttribute]
19:15:08.566 [Test worker] INFO org.springframework.boot.test.context.SpringBootTestContextBootstrapper - Using TestExecutionListeners: [org.springframework.test.context.web.ServletTestExecutionListener@643d2dae, org.springframework.test.context.support.DirtiesContextBeforeModesTestExecutionListener@52d6d273, org.springframework.test.context.event.ApplicationEventsTestExecutionListener@4667c4c1, org.springframework.boot.test.mock.mockito.MockitoTestExecutionListener@2f9a4401, org.springframework.boot.test.autoconfigure.SpringBootDependencyInjectionTestExecutionListener@22c75c01, org.springframework.test.context.support.DirtiesContextTestExecutionListener@46e64760, org.springframework.test.context.event.EventPublishingTestExecutionListener@3e5fd2b1, org.springframework.boot.test.autoconfigure.restdocs.RestDocsTestExecutionListener@43982337, org.springframework.boot.test.autoconfigure.web.client.MockRestServiceServerResetTestExecutionListener@5b275811, org.springframework.boot.test.autoconfigure.web.servlet.MockMvcPrintOnlyOnFailureTestExecutionListener@2f0ed952, org.springframework.boot.test.autoconfigure.web.servlet.WebDriverTestExecutionListener@6f044c58, org.springframework.boot.test.autoconfigure.webservices.client.MockWebServiceServerTestExecutionListener@6d074b14, org.springframework.boot.test.mock.mockito.ResetMocksTestExecutionListener@c017175]
19:15:08.569 [Test worker] DEBUG org.springframework.test.context.support.AbstractDirtiesContextTestExecutionListener - Before test class: context [DefaultTestContext@3ebe4ccc testClass = CalculadorApplicationTests, testInstance = [null], testMethod = [null], testException = [null], mergedContextConfiguration = [WebMergedContextConfiguration@6ed043d3 testClass = CalculadorApplicationTests, locations = '{}', classes = '{class com.sergei270791.calculador.CalculadorApplication}', contextInitializerClasses = '[]', activeProfiles = '{}', propertySourceLocations = '{}', propertySourceProperties = '{org.springframework.boot.test.context.SpringBootTestContextBootstrapper=true}', contextCustomizers = set[org.springframework.boot.test.autoconfigure.actuate.metrics.MetricsExportContextCustomizerFactory$DisableMetricExportContextCustomizer@14f3c6fc, org.springframework.boot.test.autoconfigure.properties.PropertyMappingContextCustomizer@0, org.springframework.boot.test.autoconfigure.web.servlet.WebDriverContextCustomizerFactory$Customizer@314c8b4a, org.springframework.boot.test.context.filter.ExcludeFilterContextCustomizer@2c43eb8, org.springframework.boot.test.json.DuplicateJsonObjectContextCustomizerFactory$DuplicateJsonObjectContextCustomizer@7ce4de34, org.springframework.boot.test.mock.mockito.MockitoContextCustomizer@0, org.springframework.boot.test.web.client.TestRestTemplateContextCustomizer@68c87fc3, org.springframework.boot.test.context.SpringBootTestArgs@1, org.springframework.boot.test.context.SpringBootTestWebEnvironment@201b6b6f], resourceBasePath = 'src/main/webapp', contextLoader = 'org.springframework.boot.test.context.SpringBootContextLoader', parent = [null]], attributes = map['org.springframework.test.context.web.ServletTestExecutionListener.activateListener' -> true]], class annotated with @DirtiesContext [false] with mode [null].
19:15:08.599 [Test worker] DEBUG org.springframework.boot.ApplicationServletEnvironment - Activating profiles []
19:15:08.600 [Test worker] DEBUG org.springframework.test.context.support.TestPropertySourceUtils - Adding inlined properties to environment: {spring.jmx.enabled=false, org.springframework.boot.test.context.SpringBootTestContextBootstrapper=true}

  .   ____          _            __ _ _
 /\\ / ___'_ __ _ _(_)_ __  __ _ \ \ \ \
( ( )\___ | '_ | '_| | '_ \/ _` | \ \ \ \
 \\/  ___)| |_)| | | | | || (_| |  ) ) ) )
  '  |____| .__|_| |_|_| |_\__, | / / / /
 =========|_|==============|___/=/_/_/_/
 :: Spring Boot ::                (v2.6.1)

2023-01-05 19:15:08.779  INFO 54912 --- [    Test worker] c.s.c.CalculadorApplicationTests         : Starting CalculadorApplicationTests using Java 18.0.2-ea on sergei1222 with PID 54912 (started by sergei in /home/sergei/Documentos/Proyectos/calculador/calculador)
2023-01-05 19:15:08.779  INFO 54912 --- [    Test worker] c.s.c.CalculadorApplicationTests         : No active profile set, falling back to default profiles: default
2023-01-05 19:15:09.601  INFO 54912 --- [    Test worker] c.s.c.CalculadorApplicationTests         : Started CalculadorApplicationTests in 1.0 seconds (JVM running for 2.29)
]]></system-out>
  <system-err><![CDATA[]]></system-err>
</testsuite>
